#
# There is insufficient memory for the Java Runtime Environment to continue.
# Native memory allocation (malloc) failed to allocate 323376 bytes for Chunk::new
# Possible reasons:
#   The system is out of physical RAM or swap space
#   The process is running with CompressedOops enabled, and the Java Heap may be blocking the growth of the native heap
# Possible solutions:
#   Reduce memory load on the system
#   Increase physical memory or swap space
#   Check if swap backing store is full
#   Decrease Java heap size (-Xmx/-Xms)
#   Decrease number of Java threads
#   Decrease Java thread stack sizes (-Xss)
#   Set larger code cache with -XX:ReservedCodeCacheSize=
#   JVM is running with Unscaled Compressed Oops mode in which the Java heap is
#     placed in the first 4GB address space. The Java Heap base address is the
#     maximum limit for the native heap growth. Please use -XX:HeapBaseMinAddress
#     to set the Java Heap base and to place the Java Heap above 4GB virtual address.
# This output file may be truncated or incomplete.
#
#  Out of Memory Error (t:/workspace/open/src/hotspot/share/memory/arena.cpp:196), pid=12116, tid=440
#
# JRE version: Java(TM) SE Runtime Environment (13.0+33) (build 13+33)
# Java VM: Java HotSpot(TM) 64-Bit Server VM (13+33, mixed mode, sharing, tiered, compressed oops, g1 gc, windows-amd64)
# No core dump will be written. Minidumps are not enabled by default on client versions of Windows
#

---------------  S U M M A R Y ------------

Command Line: -javaagent:C:\Program Files\JetBrains\IntelliJ IDEA Community Edition 2019.3.4\lib\idea_rt.jar=56494:C:\Program Files\JetBrains\IntelliJ IDEA Community Edition 2019.3.4\bin -Dfile.encoding=UTF-8 Main.Main

Host: Intel(R) Core(TM) i5-6200U CPU @ 2.30GHz, 4 cores, 7G,  Windows 10 , 64 bit Build 18362 (10.0.18362.1110)
Time: Wed Nov 11 11:04:01 2020 Mountain Standard Time elapsed time: 96 seconds (0d 0h 1m 36s)

---------------  T H R E A D  ---------------

Current thread (0x0000016984b94800):  JavaThread "C2 CompilerThread1" daemon [_thread_in_native, id=440, stack(0x00000046e0f00000,0x00000046e1000000)]


Current CompileTask:
C2:  96778 1182       4       com.google.gson.internal.bind.TypeAdapters$29::read (209 bytes)

Stack: [0x00000046e0f00000,0x00000046e1000000]
Native frames: (J=compiled Java code, j=interpreted, Vv=VM code, C=native code)
V  [jvm.dll+0x626eaa]
V  [jvm.dll+0x772c4a]
V  [jvm.dll+0x7743ff]
V  [jvm.dll+0x774a03]
V  [jvm.dll+0x24da38]
V  [jvm.dll+0xc3ae7]
V  [jvm.dll+0xc406c]
V  [jvm.dll+0x52b8e2]
V  [jvm.dll+0x3295a2]
V  [jvm.dll+0x32894a]
V  [jvm.dll+0x2078c7]
V  [jvm.dll+0x206adf]
V  [jvm.dll+0x18b94c]
V  [jvm.dll+0x2159bd]
V  [jvm.dll+0x213e6b]
V  [jvm.dll+0x738af6]
V  [jvm.dll+0x731bea]
V  [jvm.dll+0x6260a6]
C  [ucrtbase.dll+0x210b2]
C  [KERNEL32.DLL+0x17c24]
C  [ntdll.dll+0x6cea1]


---------------  P R O C E S S  ---------------

Threads class SMR info:
_java_thread_list=0x0000016984fe3c40, length=14, elements={
0x00000169ffd0e000, 0x00000169ffd13000, 0x00000169ffd2b000, 0x00000169ffd2c800,
0x00000169ffd2e800, 0x00000169ffd6e000, 0x00000169847a5000, 0x00000169ffcf3000,
0x00000169847fe000, 0x00000169849d0800, 0x0000016984a59000, 0x0000016984a18000,
0x00000169e56f4800, 0x0000016984b94800
}

Java Threads: ( => current thread )
  0x00000169ffd0e000 JavaThread "Reference Handler" daemon [_thread_blocked, id=12728, stack(0x00000046e0000000,0x00000046e0100000)]
  0x00000169ffd13000 JavaThread "Finalizer" daemon [_thread_blocked, id=1108, stack(0x00000046e0100000,0x00000046e0200000)]
  0x00000169ffd2b000 JavaThread "Signal Dispatcher" daemon [_thread_blocked, id=21152, stack(0x00000046e0200000,0x00000046e0300000)]
  0x00000169ffd2c800 JavaThread "Attach Listener" daemon [_thread_blocked, id=20544, stack(0x00000046e0300000,0x00000046e0400000)]
  0x00000169ffd2e800 JavaThread "C2 CompilerThread0" daemon [_thread_in_native, id=16332, stack(0x00000046e0400000,0x00000046e0500000)]
  0x00000169ffd6e000 JavaThread "C1 CompilerThread0" daemon [_thread_blocked, id=7864, stack(0x00000046e0500000,0x00000046e0600000)]
  0x00000169847a5000 JavaThread "Sweeper thread" daemon [_thread_blocked, id=6280, stack(0x00000046e0600000,0x00000046e0700000)]
  0x00000169ffcf3000 JavaThread "Common-Cleaner" daemon [_thread_blocked, id=20028, stack(0x00000046e0700000,0x00000046e0800000)]
  0x00000169847fe000 JavaThread "Monitor Ctrl-Break" daemon [_thread_in_native, id=20420, stack(0x00000046e0800000,0x00000046e0900000)]
  0x00000169849d0800 JavaThread "Service Thread" daemon [_thread_blocked, id=18136, stack(0x00000046e0900000,0x00000046e0a00000)]
  0x0000016984a59000 JavaThread "server-timer" daemon [_thread_blocked, id=10476, stack(0x00000046e0b00000,0x00000046e0c00000)]
  0x0000016984a18000 JavaThread "HTTP-Dispatcher" [_thread_in_Java, id=15184, stack(0x00000046e0c00000,0x00000046e0d00000)]
  0x00000169e56f4800 JavaThread "DestroyJavaVM" [_thread_blocked, id=5640, stack(0x00000046df900000,0x00000046dfa00000)]
=>0x0000016984b94800 JavaThread "C2 CompilerThread1" daemon [_thread_in_native, id=440, stack(0x00000046e0f00000,0x00000046e1000000)]

Other Threads:
  0x00000169ffd08800 VMThread "VM Thread" [stack: 0x00000046dff00000,0x00000046e0000000] [id=12020]
  0x00000169849de800 WatcherThread [stack: 0x00000046e0a00000,0x00000046e0b00000] [id=15380]
  0x00000169e5737800 GCTaskThread "GC Thread#0" [stack: 0x00000046dfa00000,0x00000046dfb00000] [id=21488]
  0x000001698489a000 GCTaskThread "GC Thread#1" [stack: 0x00000046e1000000,0x00000046e1100000] [id=18264]
  0x000001698489a800 GCTaskThread "GC Thread#2" [stack: 0x00000046e1100000,0x00000046e1200000] [id=20228]
  0x0000016984962000 GCTaskThread "GC Thread#3" [stack: 0x00000046e1200000,0x00000046e1300000] [id=15872]
  0x00000169e5748800 ConcurrentGCThread "G1 Main Marker" [stack: 0x00000046dfb00000,0x00000046dfc00000] [id=19972]
  0x00000169e574a000 ConcurrentGCThread "G1 Conc#0" [stack: 0x00000046dfc00000,0x00000046dfd00000] [id=6352]
  0x00000169e57be800 ConcurrentGCThread "G1 Refine#0" [stack: 0x00000046dfd00000,0x00000046dfe00000] [id=15392]
  0x00000169ffb88000 ConcurrentGCThread "G1 Young RemSet Sampling" [stack: 0x00000046dfe00000,0x00000046dff00000] [id=4956]

Threads with active compile tasks:
C2 CompilerThread0    96895 1253   !   4       com.google.gson.internal.bind.ReflectiveTypeAdapterFactory$Adapter::read (116 bytes)
C2 CompilerThread1    96895 1182       4       com.google.gson.internal.bind.TypeAdapters$29::read (209 bytes)

VM state:not at safepoint (normal execution)

VM Mutex/Monitor currently owned by a thread: None

Heap address: 0x0000000082400000, size: 2012 MB, Compressed Oops mode: 32-bit
Narrow klass base: 0x0000000800000000, Narrow klass shift: 3
Compressed class space size: 1073741824 Address: 0x0000000800b40000

Heap:
 garbage-first heap   total 129024K, used 30219K [0x0000000082400000, 0x0000000100000000)
  region size 1024K, 30 young (30720K), 2 survivors (2048K)
 Metaspace       used 5119K, capacity 6593K, committed 6656K, reserved 1056768K
  class space    used 536K, capacity 713K, committed 768K, reserved 1048576K
Heap Regions: E=young(eden), S=young(survivor), O=old, HS=humongous(starts), HC=humongous(continues), CS=collection set, F=free, A=archive, TAMS=top-at-mark-start (previous, next)
|   0|0x0000000082400000, 0x0000000082482e00, 0x0000000082500000| 51%| O|  |TAMS 0x0000000082400000, 0x0000000082400000| Untracked 
|   1|0x0000000082500000, 0x0000000082500000, 0x0000000082600000|  0%| F|  |TAMS 0x0000000082500000, 0x0000000082500000| Untracked 
|   2|0x0000000082600000, 0x0000000082600000, 0x0000000082700000|  0%| F|  |TAMS 0x0000000082600000, 0x0000000082600000| Untracked 
|   3|0x0000000082700000, 0x0000000082700000, 0x0000000082800000|  0%| F|  |TAMS 0x0000000082700000, 0x0000000082700000| Untracked 
|   4|0x0000000082800000, 0x0000000082800000, 0x0000000082900000|  0%| F|  |TAMS 0x0000000082800000, 0x0000000082800000| Untracked 
|   5|0x0000000082900000, 0x0000000082900000, 0x0000000082a00000|  0%| F|  |TAMS 0x0000000082900000, 0x0000000082900000| Untracked 
|   6|0x0000000082a00000, 0x0000000082a00000, 0x0000000082b00000|  0%| F|  |TAMS 0x0000000082a00000, 0x0000000082a00000| Untracked 
|   7|0x0000000082b00000, 0x0000000082b00000, 0x0000000082c00000|  0%| F|  |TAMS 0x0000000082b00000, 0x0000000082b00000| Untracked 
|   8|0x0000000082c00000, 0x0000000082c00000, 0x0000000082d00000|  0%| F|  |TAMS 0x0000000082c00000, 0x0000000082c00000| Untracked 
|   9|0x0000000082d00000, 0x0000000082d00000, 0x0000000082e00000|  0%| F|  |TAMS 0x0000000082d00000, 0x0000000082d00000| Untracked 
|  10|0x0000000082e00000, 0x0000000082e00000, 0x0000000082f00000|  0%| F|  |TAMS 0x0000000082e00000, 0x0000000082e00000| Untracked 
|  11|0x0000000082f00000, 0x0000000082f00000, 0x0000000083000000|  0%| F|  |TAMS 0x0000000082f00000, 0x0000000082f00000| Untracked 
|  12|0x0000000083000000, 0x0000000083000000, 0x0000000083100000|  0%| F|  |TAMS 0x0000000083000000, 0x0000000083000000| Untracked 
|  13|0x0000000083100000, 0x0000000083100000, 0x0000000083200000|  0%| F|  |TAMS 0x0000000083100000, 0x0000000083100000| Untracked 
|  14|0x0000000083200000, 0x0000000083200000, 0x0000000083300000|  0%| F|  |TAMS 0x0000000083200000, 0x0000000083200000| Untracked 
|  15|0x0000000083300000, 0x0000000083300000, 0x0000000083400000|  0%| F|  |TAMS 0x0000000083300000, 0x0000000083300000| Untracked 
|  16|0x0000000083400000, 0x0000000083400000, 0x0000000083500000|  0%| F|  |TAMS 0x0000000083400000, 0x0000000083400000| Untracked 
|  17|0x0000000083500000, 0x0000000083500000, 0x0000000083600000|  0%| F|  |TAMS 0x0000000083500000, 0x0000000083500000| Untracked 
|  18|0x0000000083600000, 0x0000000083600000, 0x0000000083700000|  0%| F|  |TAMS 0x0000000083600000, 0x0000000083600000| Untracked 
|  19|0x0000000083700000, 0x0000000083700000, 0x0000000083800000|  0%| F|  |TAMS 0x0000000083700000, 0x0000000083700000| Untracked 
|  20|0x0000000083800000, 0x0000000083800000, 0x0000000083900000|  0%| F|  |TAMS 0x0000000083800000, 0x0000000083800000| Untracked 
|  21|0x0000000083900000, 0x0000000083900000, 0x0000000083a00000|  0%| F|  |TAMS 0x0000000083900000, 0x0000000083900000| Untracked 
|  22|0x0000000083a00000, 0x0000000083a00000, 0x0000000083b00000|  0%| F|  |TAMS 0x0000000083a00000, 0x0000000083a00000| Untracked 
|  23|0x0000000083b00000, 0x0000000083b00000, 0x0000000083c00000|  0%| F|  |TAMS 0x0000000083b00000, 0x0000000083b00000| Untracked 
|  24|0x0000000083c00000, 0x0000000083c00000, 0x0000000083d00000|  0%| F|  |TAMS 0x0000000083c00000, 0x0000000083c00000| Untracked 
|  25|0x0000000083d00000, 0x0000000083d00000, 0x0000000083e00000|  0%| F|  |TAMS 0x0000000083d00000, 0x0000000083d00000| Untracked 
|  26|0x0000000083e00000, 0x0000000083e00000, 0x0000000083f00000|  0%| F|  |TAMS 0x0000000083e00000, 0x0000000083e00000| Untracked 
|  27|0x0000000083f00000, 0x0000000083f00000, 0x0000000084000000|  0%| F|  |TAMS 0x0000000083f00000, 0x0000000083f00000| Untracked 
|  28|0x0000000084000000, 0x0000000084000000, 0x0000000084100000|  0%| F|  |TAMS 0x0000000084000000, 0x0000000084000000| Untracked 
|  29|0x0000000084100000, 0x0000000084100000, 0x0000000084200000|  0%| F|  |TAMS 0x0000000084100000, 0x0000000084100000| Untracked 
|  30|0x0000000084200000, 0x0000000084200000, 0x0000000084300000|  0%| F|  |TAMS 0x0000000084200000, 0x0000000084200000| Untracked 
|  31|0x0000000084300000, 0x0000000084300000, 0x0000000084400000|  0%| F|  |TAMS 0x0000000084300000, 0x0000000084300000| Untracked 
|  32|0x0000000084400000, 0x0000000084400000, 0x0000000084500000|  0%| F|  |TAMS 0x0000000084400000, 0x0000000084400000| Untracked 
|  33|0x0000000084500000, 0x0000000084500000, 0x0000000084600000|  0%| F|  |TAMS 0x0000000084500000, 0x0000000084500000| Untracked 
|  34|0x0000000084600000, 0x0000000084600000, 0x0000000084700000|  0%| F|  |TAMS 0x0000000084600000, 0x0000000084600000| Untracked 
|  35|0x0000000084700000, 0x0000000084700000, 0x0000000084800000|  0%| F|  |TAMS 0x0000000084700000, 0x0000000084700000| Untracked 
|  36|0x0000000084800000, 0x0000000084800000, 0x0000000084900000|  0%| F|  |TAMS 0x0000000084800000, 0x0000000084800000| Untracked 
|  37|0x0000000084900000, 0x0000000084900000, 0x0000000084a00000|  0%| F|  |TAMS 0x0000000084900000, 0x0000000084900000| Untracked 
|  38|0x0000000084a00000, 0x0000000084a00000, 0x0000000084b00000|  0%| F|  |TAMS 0x0000000084a00000, 0x0000000084a00000| Untracked 
|  39|0x0000000084b00000, 0x0000000084b00000, 0x0000000084c00000|  0%| F|  |TAMS 0x0000000084b00000, 0x0000000084b00000| Untracked 
|  40|0x0000000084c00000, 0x0000000084c00000, 0x0000000084d00000|  0%| F|  |TAMS 0x0000000084c00000, 0x0000000084c00000| Untracked 
|  41|0x0000000084d00000, 0x0000000084d00000, 0x0000000084e00000|  0%| F|  |TAMS 0x0000000084d00000, 0x0000000084d00000| Untracked 
|  42|0x0000000084e00000, 0x0000000084e00000, 0x0000000084f00000|  0%| F|  |TAMS 0x0000000084e00000, 0x0000000084e00000| Untracked 
|  43|0x0000000084f00000, 0x0000000084f00000, 0x0000000085000000|  0%| F|  |TAMS 0x0000000084f00000, 0x0000000084f00000| Untracked 
|  44|0x0000000085000000, 0x0000000085000000, 0x0000000085100000|  0%| F|  |TAMS 0x0000000085000000, 0x0000000085000000| Untracked 
|  45|0x0000000085100000, 0x0000000085100000, 0x0000000085200000|  0%| F|  |TAMS 0x0000000085100000, 0x0000000085100000| Untracked 
|  46|0x0000000085200000, 0x0000000085200000, 0x0000000085300000|  0%| F|  |TAMS 0x0000000085200000, 0x0000000085200000| Untracked 
|  47|0x0000000085300000, 0x0000000085300000, 0x0000000085400000|  0%| F|  |TAMS 0x0000000085300000, 0x0000000085300000| Untracked 
|  48|0x0000000085400000, 0x0000000085400000, 0x0000000085500000|  0%| F|  |TAMS 0x0000000085400000, 0x0000000085400000| Untracked 
|  49|0x0000000085500000, 0x0000000085500000, 0x0000000085600000|  0%| F|  |TAMS 0x0000000085500000, 0x0000000085500000| Untracked 
|  50|0x0000000085600000, 0x0000000085600000, 0x0000000085700000|  0%| F|  |TAMS 0x0000000085600000, 0x0000000085600000| Untracked 
|  51|0x0000000085700000, 0x0000000085700000, 0x0000000085800000|  0%| F|  |TAMS 0x0000000085700000, 0x0000000085700000| Untracked 
|  52|0x0000000085800000, 0x0000000085800000, 0x0000000085900000|  0%| F|  |TAMS 0x0000000085800000, 0x0000000085800000| Untracked 
|  53|0x0000000085900000, 0x0000000085900000, 0x0000000085a00000|  0%| F|  |TAMS 0x0000000085900000, 0x0000000085900000| Untracked 
|  54|0x0000000085a00000, 0x0000000085a00000, 0x0000000085b00000|  0%| F|  |TAMS 0x0000000085a00000, 0x0000000085a00000| Untracked 
|  55|0x0000000085b00000, 0x0000000085b00000, 0x0000000085c00000|  0%| F|  |TAMS 0x0000000085b00000, 0x0000000085b00000| Untracked 
|  56|0x0000000085c00000, 0x0000000085c00000, 0x0000000085d00000|  0%| F|  |TAMS 0x0000000085c00000, 0x0000000085c00000| Untracked 
|  57|0x0000000085d00000, 0x0000000085d00000, 0x0000000085e00000|  0%| F|  |TAMS 0x0000000085d00000, 0x0000000085d00000| Untracked 
|  58|0x0000000085e00000, 0x0000000085e00000, 0x0000000085f00000|  0%| F|  |TAMS 0x0000000085e00000, 0x0000000085e00000| Untracked 
|  59|0x0000000085f00000, 0x0000000085f00000, 0x0000000086000000|  0%| F|  |TAMS 0x0000000085f00000, 0x0000000085f00000| Untracked 
|  60|0x0000000086000000, 0x0000000086000000, 0x0000000086100000|  0%| F|  |TAMS 0x0000000086000000, 0x0000000086000000| Untracked 
|  61|0x0000000086100000, 0x0000000086100000, 0x0000000086200000|  0%| F|  |TAMS 0x0000000086100000, 0x0000000086100000| Untracked 
|  62|0x0000000086200000, 0x0000000086200000, 0x0000000086300000|  0%| F|  |TAMS 0x0000000086200000, 0x0000000086200000| Untracked 
|  63|0x0000000086300000, 0x0000000086300000, 0x0000000086400000|  0%| F|  |TAMS 0x0000000086300000, 0x0000000086300000| Untracked 
|  64|0x0000000086400000, 0x0000000086400000, 0x0000000086500000|  0%| F|  |TAMS 0x0000000086400000, 0x0000000086400000| Untracked 
|  65|0x0000000086500000, 0x0000000086500000, 0x0000000086600000|  0%| F|  |TAMS 0x0000000086500000, 0x0000000086500000| Untracked 
|  66|0x0000000086600000, 0x0000000086600000, 0x0000000086700000|  0%| F|  |TAMS 0x0000000086600000, 0x0000000086600000| Untracked 
|  67|0x0000000086700000, 0x0000000086700000, 0x0000000086800000|  0%| F|  |TAMS 0x0000000086700000, 0x0000000086700000| Untracked 
|  68|0x0000000086800000, 0x0000000086800000, 0x0000000086900000|  0%| F|  |TAMS 0x0000000086800000, 0x0000000086800000| Untracked 
|  69|0x0000000086900000, 0x0000000086900000, 0x0000000086a00000|  0%| F|  |TAMS 0x0000000086900000, 0x0000000086900000| Untracked 
|  70|0x0000000086a00000, 0x0000000086a00000, 0x0000000086b00000|  0%| F|  |TAMS 0x0000000086a00000, 0x0000000086a00000| Untracked 
|  71|0x0000000086b00000, 0x0000000086b00000, 0x0000000086c00000|  0%| F|  |TAMS 0x0000000086b00000, 0x0000000086b00000| Untracked 
|  72|0x0000000086c00000, 0x0000000086c00000, 0x0000000086d00000|  0%| F|  |TAMS 0x0000000086c00000, 0x0000000086c00000| Untracked 
|  73|0x0000000086d00000, 0x0000000086d00000, 0x0000000086e00000|  0%| F|  |TAMS 0x0000000086d00000, 0x0000000086d00000| Untracked 
|  74|0x0000000086e00000, 0x0000000086e00000, 0x0000000086f00000|  0%| F|  |TAMS 0x0000000086e00000, 0x0000000086e00000| Untracked 
|  75|0x0000000086f00000, 0x0000000086f00000, 0x0000000087000000|  0%| F|  |TAMS 0x0000000086f00000, 0x0000000086f00000| Untracked 
|  76|0x0000000087000000, 0x0000000087000000, 0x0000000087100000|  0%| F|  |TAMS 0x0000000087000000, 0x0000000087000000| Untracked 
|  77|0x0000000087100000, 0x0000000087100000, 0x0000000087200000|  0%| F|  |TAMS 0x0000000087100000, 0x0000000087100000| Untracked 
|  78|0x0000000087200000, 0x0000000087200000, 0x0000000087300000|  0%| F|  |TAMS 0x0000000087200000, 0x0000000087200000| Untracked 
|  79|0x0000000087300000, 0x0000000087300000, 0x0000000087400000|  0%| F|  |TAMS 0x0000000087300000, 0x0000000087300000| Untracked 
|  80|0x0000000087400000, 0x0000000087400000, 0x0000000087500000|  0%| F|  |TAMS 0x0000000087400000, 0x0000000087400000| Untracked 
|  81|0x0000000087500000, 0x0000000087500000, 0x0000000087600000|  0%| F|  |TAMS 0x0000000087500000, 0x0000000087500000| Untracked 
|  82|0x0000000087600000, 0x0000000087600000, 0x0000000087700000|  0%| F|  |TAMS 0x0000000087600000, 0x0000000087600000| Untracked 
|  83|0x0000000087700000, 0x0000000087700000, 0x0000000087800000|  0%| F|  |TAMS 0x0000000087700000, 0x0000000087700000| Untracked 
|  84|0x0000000087800000, 0x0000000087800000, 0x0000000087900000|  0%| F|  |TAMS 0x0000000087800000, 0x0000000087800000| Untracked 
|  85|0x0000000087900000, 0x0000000087900000, 0x0000000087a00000|  0%| F|  |TAMS 0x0000000087900000, 0x0000000087900000| Untracked 
|  86|0x0000000087a00000, 0x0000000087a00000, 0x0000000087b00000|  0%| F|  |TAMS 0x0000000087a00000, 0x0000000087a00000| Untracked 
|  87|0x0000000087b00000, 0x0000000087b00000, 0x0000000087c00000|  0%| F|  |TAMS 0x0000000087b00000, 0x0000000087b00000| Untracked 
|  88|0x0000000087c00000, 0x0000000087c00000, 0x0000000087d00000|  0%| F|  |TAMS 0x0000000087c00000, 0x0000000087c00000| Untracked 
|  89|0x0000000087d00000, 0x0000000087d00000, 0x0000000087e00000|  0%| F|  |TAMS 0x0000000087d00000, 0x0000000087d00000| Untracked 
|  90|0x0000000087e00000, 0x0000000087e00000, 0x0000000087f00000|  0%| F|  |TAMS 0x0000000087e00000, 0x0000000087e00000| Untracked 
|  91|0x0000000087f00000, 0x0000000087f00000, 0x0000000088000000|  0%| F|  |TAMS 0x0000000087f00000, 0x0000000087f00000| Untracked 
|  92|0x0000000088000000, 0x0000000088000000, 0x0000000088100000|  0%| F|  |TAMS 0x0000000088000000, 0x0000000088000000| Untracked 
|  93|0x0000000088100000, 0x0000000088100000, 0x0000000088200000|  0%| F|  |TAMS 0x0000000088100000, 0x0000000088100000| Untracked 
|  94|0x0000000088200000, 0x0000000088200000, 0x0000000088300000|  0%| F|  |TAMS 0x0000000088200000, 0x0000000088200000| Untracked 
|  95|0x0000000088300000, 0x0000000088400000, 0x0000000088400000|100%| E|  |TAMS 0x0000000088300000, 0x0000000088300000| Complete 
|  96|0x0000000088400000, 0x0000000088500000, 0x0000000088500000|100%| E|CS|TAMS 0x0000000088400000, 0x0000000088400000| Complete 
|  97|0x0000000088500000, 0x0000000088600000, 0x0000000088600000|100%| E|CS|TAMS 0x0000000088500000, 0x0000000088500000| Complete 
|  98|0x0000000088600000, 0x0000000088700000, 0x0000000088700000|100%| E|CS|TAMS 0x0000000088600000, 0x0000000088600000| Complete 
|  99|0x0000000088700000, 0x0000000088800000, 0x0000000088800000|100%| E|CS|TAMS 0x0000000088700000, 0x0000000088700000| Complete 
| 100|0x0000000088800000, 0x0000000088900000, 0x0000000088900000|100%| E|CS|TAMS 0x0000000088800000, 0x0000000088800000| Complete 
| 101|0x0000000088900000, 0x0000000088a00000, 0x0000000088a00000|100%| E|CS|TAMS 0x0000000088900000, 0x0000000088900000| Complete 
| 102|0x0000000088a00000, 0x0000000088b00000, 0x0000000088b00000|100%| E|CS|TAMS 0x0000000088a00000, 0x0000000088a00000| Complete 
| 103|0x0000000088b00000, 0x0000000088c00000, 0x0000000088c00000|100%| E|CS|TAMS 0x0000000088b00000, 0x0000000088b00000| Complete 
| 104|0x0000000088c00000, 0x0000000088d00000, 0x0000000088d00000|100%| E|CS|TAMS 0x0000000088c00000, 0x0000000088c00000| Complete 
| 105|0x0000000088d00000, 0x0000000088e00000, 0x0000000088e00000|100%| E|CS|TAMS 0x0000000088d00000, 0x0000000088d00000| Complete 
| 106|0x0000000088e00000, 0x0000000088f00000, 0x0000000088f00000|100%| E|CS|TAMS 0x0000000088e00000, 0x0000000088e00000| Complete 
| 107|0x0000000088f00000, 0x0000000089000000, 0x0000000089000000|100%| E|CS|TAMS 0x0000000088f00000, 0x0000000088f00000| Complete 
| 108|0x0000000089000000, 0x0000000089100000, 0x0000000089100000|100%| E|CS|TAMS 0x0000000089000000, 0x0000000089000000| Complete 
| 109|0x0000000089100000, 0x0000000089200000, 0x0000000089200000|100%| E|CS|TAMS 0x0000000089100000, 0x0000000089100000| Complete 
| 110|0x0000000089200000, 0x0000000089300000, 0x0000000089300000|100%| S|CS|TAMS 0x0000000089200000, 0x0000000089200000| Complete 
| 111|0x0000000089300000, 0x0000000089400000, 0x0000000089400000|100%| S|CS|TAMS 0x0000000089300000, 0x0000000089300000| Complete 
| 112|0x0000000089400000, 0x0000000089500000, 0x0000000089500000|100%| E|CS|TAMS 0x0000000089400000, 0x0000000089400000| Complete 
| 113|0x0000000089500000, 0x0000000089600000, 0x0000000089600000|100%| E|CS|TAMS 0x0000000089500000, 0x0000000089500000| Complete 
| 114|0x0000000089600000, 0x0000000089700000, 0x0000000089700000|100%| E|CS|TAMS 0x0000000089600000, 0x0000000089600000| Complete 
| 115|0x0000000089700000, 0x0000000089800000, 0x0000000089800000|100%| E|CS|TAMS 0x0000000089700000, 0x0000000089700000| Complete 
| 116|0x0000000089800000, 0x0000000089900000, 0x0000000089900000|100%| E|CS|TAMS 0x0000000089800000, 0x0000000089800000| Complete 
| 117|0x0000000089900000, 0x0000000089a00000, 0x0000000089a00000|100%| E|CS|TAMS 0x0000000089900000, 0x0000000089900000| Complete 
| 118|0x0000000089a00000, 0x0000000089b00000, 0x0000000089b00000|100%| E|CS|TAMS 0x0000000089a00000, 0x0000000089a00000| Complete 
| 119|0x0000000089b00000, 0x0000000089c00000, 0x0000000089c00000|100%| E|CS|TAMS 0x0000000089b00000, 0x0000000089b00000| Complete 
| 120|0x0000000089c00000, 0x0000000089d00000, 0x0000000089d00000|100%| E|CS|TAMS 0x0000000089c00000, 0x0000000089c00000| Complete 
| 121|0x0000000089d00000, 0x0000000089e00000, 0x0000000089e00000|100%| E|CS|TAMS 0x0000000089d00000, 0x0000000089d00000| Complete 
| 122|0x0000000089e00000, 0x0000000089f00000, 0x0000000089f00000|100%| E|CS|TAMS 0x0000000089e00000, 0x0000000089e00000| Complete 
| 123|0x0000000089f00000, 0x000000008a000000, 0x000000008a000000|100%| E|CS|TAMS 0x0000000089f00000, 0x0000000089f00000| Complete 
| 124|0x000000008a000000, 0x000000008a100000, 0x000000008a100000|100%| E|CS|TAMS 0x000000008a000000, 0x000000008a000000| Complete 
| 125|0x000000008a100000, 0x000000008a200000, 0x000000008a200000|100%| E|CS|TAMS 0x000000008a100000, 0x000000008a100000| Complete 

Card table byte_map: [0x00000169fcfe0000,0x00000169fd3d0000] _byte_map_base: 0x00000169fcbce000

Marking Bits (Prev, Next): (CMBitMap*) 0x00000169e57382c8, (CMBitMap*) 0x00000169e5738308
 Prev Bits: [0x00000169fd7c0000, 0x00000169ff730000)
 Next Bits: [0x0000016980000000, 0x0000016981f70000)

Polling page: 0x00000169e3430000

Metaspace:

Usage:
  Non-class:      5.74 MB capacity,     4.48 MB ( 78%) used,     1.25 MB ( 22%) free+waste,    11.06 KB ( <1%) overhead. 
      Class:    713.00 KB capacity,   536.98 KB ( 75%) used,   169.45 KB ( 24%) free+waste,     6.56 KB ( <1%) overhead. 
       Both:      6.44 MB capacity,     5.00 MB ( 78%) used,     1.42 MB ( 22%) free+waste,    17.63 KB ( <1%) overhead. 

Virtual space:
  Non-class space:        8.00 MB reserved,       5.75 MB ( 72%) committed 
      Class space:        1.00 GB reserved,     768.00 KB ( <1%) committed 
             Both:        1.01 GB reserved,       6.50 MB ( <1%) committed 

Chunk freelists:
   Non-Class:  8.00 KB
       Class:  23.00 KB
        Both:  31.00 KB

MaxMetaspaceSize: 17179869184.00 GB
CompressedClassSpaceSize: 1.00 GB

CodeHeap 'non-profiled nmethods': size=120064Kb used=482Kb max_used=482Kb free=119581Kb
 bounds [0x00000169f56b0000, 0x00000169f5920000, 0x00000169fcbf0000]
CodeHeap 'profiled nmethods': size=120000Kb used=2399Kb max_used=2399Kb free=117600Kb
 bounds [0x00000169ee180000, 0x00000169ee3f0000, 0x00000169f56b0000]
CodeHeap 'non-nmethods': size=5696Kb used=1190Kb max_used=1210Kb free=4505Kb
 bounds [0x00000169edbf0000, 0x00000169ede60000, 0x00000169ee180000]
 total_blobs=2254 nmethods=1248 adapters=355
 compilation: enabled
              stopped_count=0, restarted_count=0
 full_count=0

Compilation events (20 events):
Event: 96.693 Thread 0x00000169ffd2e800 nmethod 1228 0x00000169f5725110 code [0x00000169f5725320, 0x00000169f5725790]
Event: 96.693 Thread 0x00000169ffd2e800 1229       4       com.google.gson.internal.bind.TypeAdapters$16::read (38 bytes)
Event: 96.701 Thread 0x00000169ffd6e000 1248       2       java.io.FileInputStream::available (5 bytes)
Event: 96.702 Thread 0x00000169ffd6e000 nmethod 1248 0x00000169ee3d3410 code [0x00000169ee3d35c0, 0x00000169ee3d3750]
Event: 96.706 Thread 0x00000169ffd2e800 nmethod 1229 0x00000169f5726010 code [0x00000169f5726220, 0x00000169f5726690]
Event: 96.706 Thread 0x00000169ffd2e800 1233       4       com.google.gson.JsonPrimitive::isPrimitiveOrString (55 bytes)
Event: 96.708 Thread 0x00000169ffd2e800 nmethod 1233 0x00000169f5726b10 code [0x00000169f5726ca0, 0x00000169f5726d18]
Event: 96.708 Thread 0x00000169ffd2e800 1237       4       com.google.gson.internal.bind.JsonTreeReader::nextString (99 bytes)
Event: 96.715 Thread 0x00000169ffd6e000 1250       1       java.lang.reflect.Field::getGenericSignature (5 bytes)
Event: 96.715 Thread 0x00000169ffd6e000 nmethod 1250 0x00000169f5726e10 code [0x00000169f5726fa0, 0x00000169f57270d8]
Event: 96.715 Thread 0x00000169ffd6e000 1251       2       com.google.gson.reflect.TypeToken::<init> (41 bytes)
Event: 96.716 Thread 0x00000169ffd6e000 nmethod 1251 0x00000169ee3d3810 code [0x00000169ee3d3a00, 0x00000169ee3d3de0]
Event: 96.716 Thread 0x00000169ffd6e000 1252       2       com.google.gson.reflect.TypeToken::get (9 bytes)
Event: 96.716 Thread 0x00000169ffd6e000 nmethod 1252 0x00000169ee3d3f10 code [0x00000169ee3d40c0, 0x00000169ee3d4290]
Event: 96.717 Thread 0x00000169ffd2e800 nmethod 1237 0x00000169f5727190 code [0x00000169f5727340, 0x00000169f57275e8]
Event: 96.717 Thread 0x00000169ffd2e800 1239       4       com.google.gson.JsonPrimitive::getAsString (38 bytes)
Event: 96.719 Thread 0x00000169ffd2e800 nmethod 1239 0x00000169f5727890 code [0x00000169f5727a20, 0x00000169f5727b18]
Event: 96.720 Thread 0x00000169ffd2e800 1253   !   4       com.google.gson.internal.bind.ReflectiveTypeAdapterFactory$Adapter::read (116 bytes)
Event: 96.765 Thread 0x00000169ffd6e000 1256       2       java.lang.Long::formatUnsignedLong0 (47 bytes)
Event: 96.765 Thread 0x00000169ffd6e000 nmethod 1256 0x00000169ee3d4390 code [0x00000169ee3d4540, 0x00000169ee3d4778]

GC Heap History (2 events):
Event: 96.166 GC heap before
{Heap before GC invocations=0 (full 0):
 garbage-first heap   total 129024K, used 14336K [0x0000000082400000, 0x0000000100000000)
  region size 1024K, 14 young (14336K), 0 survivors (0K)
 Metaspace       used 4889K, capacity 6523K, committed 6656K, reserved 1056768K
  class space    used 526K, capacity 712K, committed 768K, reserved 1048576K
}
Event: 96.178 GC heap after
{Heap after GC invocations=1 (full 0):
 garbage-first heap   total 129024K, used 2571K [0x0000000082400000, 0x0000000100000000)
  region size 1024K, 2 young (2048K), 2 survivors (2048K)
 Metaspace       used 4889K, capacity 6523K, committed 6656K, reserved 1056768K
  class space    used 526K, capacity 712K, committed 768K, reserved 1048576K
}

Deoptimization events (20 events):
Event: 96.240 Thread 0x0000016984a18000 DEOPT PACKING pc=0x00000169ee289ca7 sp=0x00000046e0cfdae0
Event: 96.240 Thread 0x0000016984a18000 DEOPT UNPACKING pc=0x00000169edc3964e sp=0x00000046e0cfd068 mode 0
Event: 96.242 Thread 0x0000016984a18000 DEOPT PACKING pc=0x00000169ee289ca7 sp=0x00000046e0cfd9d0
Event: 96.242 Thread 0x0000016984a18000 DEOPT UNPACKING pc=0x00000169edc3964e sp=0x00000046e0cfcf58 mode 0
Event: 96.244 Thread 0x0000016984a18000 DEOPT PACKING pc=0x00000169ee289ca7 sp=0x00000046e0cfd8d0
Event: 96.244 Thread 0x0000016984a18000 DEOPT UNPACKING pc=0x00000169edc3964e sp=0x00000046e0cfce58 mode 0
Event: 96.246 Thread 0x0000016984a18000 DEOPT PACKING pc=0x00000169ee289ca7 sp=0x00000046e0cfd9d0
Event: 96.246 Thread 0x0000016984a18000 DEOPT UNPACKING pc=0x00000169edc3964e sp=0x00000046e0cfcf58 mode 0
Event: 96.252 Thread 0x0000016984a18000 Uncommon trap: trap_request=0xffffff45 fr.pc=0x00000169f56e9f50 relative=0x0000000000000eb0
Event: 96.252 Thread 0x0000016984a18000 Uncommon trap: reason=unstable_if action=reinterpret pc=0x00000169f56e9f50 method=java.util.HashMap.putVal(ILjava/lang/Object;Ljava/lang/Object;ZZ)Ljava/lang/Object; @ 81 c2
Event: 96.252 Thread 0x0000016984a18000 DEOPT PACKING pc=0x00000169f56e9f50 sp=0x00000046e0cfe210
Event: 96.252 Thread 0x0000016984a18000 DEOPT UNPACKING pc=0x00000169edc3912f sp=0x00000046e0cfe168 mode 2
Event: 96.321 Thread 0x0000016984a18000 Uncommon trap: trap_request=0xffffff45 fr.pc=0x00000169f570db08 relative=0x0000000000000ce8
Event: 96.321 Thread 0x0000016984a18000 Uncommon trap: reason=unstable_if action=reinterpret pc=0x00000169f570db08 method=java.lang.StringUTF16.compress([CII)[B @ 13 c2
Event: 96.321 Thread 0x0000016984a18000 DEOPT PACKING pc=0x00000169f570db08 sp=0x00000046e0cfdec0
Event: 96.321 Thread 0x0000016984a18000 DEOPT UNPACKING pc=0x00000169edc3912f sp=0x00000046e0cfdcd8 mode 2
Event: 96.349 Thread 0x0000016984a18000 Uncommon trap: trap_request=0xffffff45 fr.pc=0x00000169f57157c0 relative=0x00000000000009c0
Event: 96.349 Thread 0x0000016984a18000 Uncommon trap: reason=unstable_if action=reinterpret pc=0x00000169f57157c0 method=com.google.gson.internal.bind.JsonTreeReader.peek()Lcom/google/gson/stream/JsonToken; @ 104 c2
Event: 96.349 Thread 0x0000016984a18000 DEOPT PACKING pc=0x00000169f57157c0 sp=0x00000046e0cfe440
Event: 96.349 Thread 0x0000016984a18000 DEOPT UNPACKING pc=0x00000169edc3912f sp=0x00000046e0cfe408 mode 2

Classes unloaded (0 events):
No events

Classes redefined (0 events):
No events

Internal exceptions (5 events):
Event: 1.686 Thread 0x00000169e56f4800 Exception <a 'java/lang/NoSuchMethodError'{0x0000000089fa2bf8}: 'java.lang.Object java.lang.invoke.DirectMethodHandle$Holder.invokeStaticInit(java.lang.Object, int, int, int, int)'> (0x0000000089fa2bf8) 
thrown [t:/workspace/open/src/hotspot/share/interpreter/linkResolver.cpp, line 767]
Event: 4.656 Thread 0x00000169e56f4800 Exception <a 'java/lang/NoSuchMethodError'{0x0000000089d1f060}: 'java.lang.Object java.lang.invoke.DirectMethodHandle$Holder.invokeStaticInit(java.lang.Object, java.lang.Object, int, int, int, int)'> (0x0000000089d1f060) 
thrown [t:/workspace/open/src/hotspot/share/interpreter/linkResolver.cpp, line 767]
Event: 4.677 Thread 0x00000169e56f4800 Exception <a 'java/lang/NoSuchMethodError'{0x0000000089d2bad0}: 'java.lang.Object java.lang.invoke.Invokers$Holder.linkToTargetMethod(java.lang.Object, int, java.lang.Object)'> (0x0000000089d2bad0) 
thrown [t:/workspace/open/src/hotspot/share/interpreter/linkResolver.cpp, line 767]
Event: 62.528 Thread 0x0000016984a18000 Exception <a 'java/lang/IncompatibleClassChangeError'{0x0000000089cfdbd8}: Found class java.lang.Object, but interface was expected> (0x0000000089cfdbd8) 
thrown [t:/workspace/open/src/hotspot/share/interpreter/linkResolver.cpp, line 833]
Event: 95.730 Thread 0x0000016984a18000 Exception <a 'java/lang/NoSuchMethodError'{0x00000000898adbf0}: 'int java.lang.invoke.DirectMethodHandle$Holder.invokeSpecialIFC(java.lang.Object, java.lang.Object, int)'> (0x00000000898adbf0) 
thrown [t:/workspace/open/src/hotspot/share/interpreter/linkResolver.cpp, line 767]

Events (20 events):
Event: 96.197 loading class com/google/gson/internal/LinkedTreeMap$1
Event: 96.197 loading class com/google/gson/internal/LinkedTreeMap$1 done
Event: 96.198 loading class com/google/gson/internal/LinkedTreeMap$Node
Event: 96.198 loading class com/google/gson/internal/LinkedTreeMap$Node done
Event: 96.246 loading class Resources/OneLocation
Event: 96.246 loading class Resources/OneLocation done
Event: 96.249 loading class com/google/gson/internal/bind/JsonTreeReader$1
Event: 96.249 loading class com/google/gson/internal/bind/JsonTreeReader$1 done
Event: 96.250 loading class com/google/gson/internal/$Gson$Types$GenericArrayTypeImpl
Event: 96.250 loading class com/google/gson/internal/$Gson$Types$GenericArrayTypeImpl done
Event: 96.253 loading class com/google/gson/internal/LinkedTreeMap$EntrySet
Event: 96.253 loading class com/google/gson/internal/LinkedTreeMap$EntrySet done
Event: 96.254 loading class com/google/gson/internal/LinkedTreeMap$EntrySet$1
Event: 96.254 loading class com/google/gson/internal/LinkedTreeMap$EntrySet$1 done
Event: 96.255 loading class com/google/gson/internal/LinkedTreeMap$LinkedTreeMapIterator
Event: 96.256 loading class com/google/gson/internal/LinkedTreeMap$LinkedTreeMapIterator done
Event: 96.257 loading class java/util/ConcurrentModificationException
Event: 96.257 loading class java/util/ConcurrentModificationException done
Event: 96.257 loading class jdk/internal/reflect/UnsafeFloatFieldAccessorImpl
Event: 96.258 loading class jdk/internal/reflect/UnsafeFloatFieldAccessorImpl done


Dynamic libraries:
0x00007ff7869c0000 - 0x00007ff7869cf000 	C:\Program Files\Java\jdk-13\bin\java.exe
0x00007ffbe2140000 - 0x00007ffbe2330000 	C:\WINDOWS\SYSTEM32\ntdll.dll
0x00007ffbc4510000 - 0x00007ffbc4522000 	C:\Program Files\AVG\Antivirus\aswhook.dll
0x00007ffbe0d10000 - 0x00007ffbe0dc2000 	C:\WINDOWS\System32\KERNEL32.DLL
0x00007ffbdfa50000 - 0x00007ffbdfcf5000 	C:\WINDOWS\System32\KERNELBASE.dll
0x00007ffbdffa0000 - 0x00007ffbe009a000 	C:\WINDOWS\System32\ucrtbase.dll
0x00007ffbc9db0000 - 0x00007ffbc9dc8000 	C:\Program Files\Java\jdk-13\bin\jli.dll
0x00007ffbe0f00000 - 0x00007ffbe0fa3000 	C:\WINDOWS\System32\ADVAPI32.dll
0x00007ffbe0c60000 - 0x00007ffbe0cfe000 	C:\WINDOWS\System32\msvcrt.dll
0x00007ffbe13e0000 - 0x00007ffbe1477000 	C:\WINDOWS\System32\sechost.dll
0x00007ffbe1fe0000 - 0x00007ffbe2100000 	C:\WINDOWS\System32\RPCRT4.dll
0x00007ffbe0a40000 - 0x00007ffbe0bd4000 	C:\WINDOWS\System32\USER32.dll
0x00007ffbdfe00000 - 0x00007ffbdfe21000 	C:\WINDOWS\System32\win32u.dll
0x00007ffbe08a0000 - 0x00007ffbe08c6000 	C:\WINDOWS\System32\GDI32.dll
0x00007ffbdf130000 - 0x00007ffbdf2c6000 	C:\WINDOWS\System32\gdi32full.dll
0x00007ffbdfeb0000 - 0x00007ffbdff4e000 	C:\WINDOWS\System32\msvcp_win.dll
0x00007ffbc8160000 - 0x00007ffbc8175000 	C:\Program Files\Java\jdk-13\bin\VCRUNTIME140.dll
0x00007ffbca8b0000 - 0x00007ffbcab34000 	C:\WINDOWS\WinSxS\amd64_microsoft.windows.common-controls_6595b64144ccf1df_6.0.18362.1139_none_9e7bf2d3e4605ac6\COMCTL32.dll
0x00007ffbe1ca0000 - 0x00007ffbe1fd5000 	C:\WINDOWS\System32\combase.dll
0x00007ffbdfe30000 - 0x00007ffbdfeb0000 	C:\WINDOWS\System32\bcryptPrimitives.dll
0x00007ffbd3df0000 - 0x00007ffbd3dfa000 	C:\WINDOWS\SYSTEM32\VERSION.dll
0x00007ffbe0a10000 - 0x00007ffbe0a3e000 	C:\WINDOWS\System32\IMM32.DLL
0x00007ffbc75b0000 - 0x00007ffbc764b000 	C:\Program Files\Java\jdk-13\bin\msvcp140.dll
0x00007ffb778b0000 - 0x00007ffb78416000 	C:\Program Files\Java\jdk-13\bin\server\jvm.dll
0x00007ffbe0be0000 - 0x00007ffbe0be8000 	C:\WINDOWS\System32\PSAPI.DLL
0x00007ffbd1140000 - 0x00007ffbd1149000 	C:\WINDOWS\SYSTEM32\WSOCK32.dll
0x00007ffbe1370000 - 0x00007ffbe13df000 	C:\WINDOWS\System32\WS2_32.dll
0x00007ffbdc9a0000 - 0x00007ffbdc9c4000 	C:\WINDOWS\SYSTEM32\WINMM.dll
0x00007ffbdc890000 - 0x00007ffbdc8bd000 	C:\WINDOWS\SYSTEM32\WINMMBASE.dll
0x00007ffbdff50000 - 0x00007ffbdff9a000 	C:\WINDOWS\System32\cfgmgr32.dll
0x00007ffbdf010000 - 0x00007ffbdf021000 	C:\WINDOWS\System32\kernel.appcore.dll
0x00007ffbcf480000 - 0x00007ffbcf490000 	C:\Program Files\Java\jdk-13\bin\verify.dll
0x00007ffbdd890000 - 0x00007ffbdda84000 	C:\WINDOWS\SYSTEM32\DBGHELP.DLL
0x00007ffbd3d50000 - 0x00007ffbd3d7a000 	C:\WINDOWS\SYSTEM32\dbgcore.DLL
0x00007ffbc7580000 - 0x00007ffbc75a6000 	C:\Program Files\Java\jdk-13\bin\java.dll
0x00007ffbc9f70000 - 0x00007ffbc9f7e000 	C:\Program Files\Java\jdk-13\bin\instrument.dll
0x00007ffbc7560000 - 0x00007ffbc7577000 	C:\Program Files\Java\jdk-13\bin\zip.dll
0x00007ffbc7550000 - 0x00007ffbc755a000 	C:\Program Files\Java\jdk-13\bin\jimage.dll
0x00007ffbe1500000 - 0x00007ffbe1be7000 	C:\WINDOWS\System32\SHELL32.dll
0x00007ffbe0dd0000 - 0x00007ffbe0e79000 	C:\WINDOWS\System32\shcore.dll
0x00007ffbdf2d0000 - 0x00007ffbdfa50000 	C:\WINDOWS\System32\windows.storage.dll
0x00007ffbdf080000 - 0x00007ffbdf0a3000 	C:\WINDOWS\System32\profapi.dll
0x00007ffbdf030000 - 0x00007ffbdf07a000 	C:\WINDOWS\System32\powrprof.dll
0x00007ffbdf000000 - 0x00007ffbdf010000 	C:\WINDOWS\System32\UMPDC.dll
0x00007ffbe1310000 - 0x00007ffbe1362000 	C:\WINDOWS\System32\shlwapi.dll
0x00007ffbdfd00000 - 0x00007ffbdfd17000 	C:\WINDOWS\System32\cryptsp.dll
0x00007ffbc7530000 - 0x00007ffbc7549000 	C:\Program Files\Java\jdk-13\bin\net.dll
0x00007ffbcfba0000 - 0x00007ffbcfc90000 	C:\WINDOWS\SYSTEM32\WINHTTP.dll
0x00007ffbd0ee0000 - 0x00007ffbd10b6000 	C:\WINDOWS\SYSTEM32\urlmon.dll
0x00007ffbd1460000 - 0x00007ffbd1707000 	C:\WINDOWS\SYSTEM32\iertutil.dll
0x00007ffbde9c0000 - 0x00007ffbde9cc000 	C:\WINDOWS\SYSTEM32\CRYPTBASE.DLL
0x00007ffbde7f0000 - 0x00007ffbde857000 	C:\WINDOWS\system32\mswsock.dll
0x00007ffbc7510000 - 0x00007ffbc7523000 	C:\Program Files\Java\jdk-13\bin\nio.dll
0x00007ffbc74f0000 - 0x00007ffbc750a000 	C:\Program Files\JetBrains\IntelliJ IDEA Community Edition 2019.3.4\bin\breakgen64.dll
0x00007ffbde500000 - 0x00007ffbde53a000 	C:\WINDOWS\SYSTEM32\IPHLPAPI.DLL
0x00007ffbe0d00000 - 0x00007ffbe0d08000 	C:\WINDOWS\System32\NSI.dll
0x00007ffbd1440000 - 0x00007ffbd1456000 	C:\WINDOWS\SYSTEM32\dhcpcsvc6.DLL
0x00007ffbd2b90000 - 0x00007ffbd2bac000 	C:\WINDOWS\SYSTEM32\dhcpcsvc.DLL
0x00007ffbde540000 - 0x00007ffbde60b000 	C:\WINDOWS\SYSTEM32\DNSAPI.dll
0x00007ffbde360000 - 0x00007ffbde393000 	C:\WINDOWS\system32\rsaenh.dll
0x00007ffbdfdd0000 - 0x00007ffbdfdf6000 	C:\WINDOWS\System32\bcrypt.dll
0x00007ffbdef20000 - 0x00007ffbdef45000 	C:\WINDOWS\SYSTEM32\USERENV.dll
0x0000000070340000 - 0x000000007040e000 	C:\Users\Renzo\AppData\Local\Temp\sqlite-3.30.1-5e75831e-fa53-4daf-a0e9-88d93281ec51-sqlitejdbc.dll

dbghelp: loaded successfully - version: 4.0.5 - missing functions: none
symbol engine: initialized successfully - sym options: 0x614 - pdb path: .;C:\Program Files\Java\jdk-13\bin;C:\WINDOWS\SYSTEM32;C:\Program Files\AVG\Antivirus;C:\WINDOWS\WinSxS\amd64_microsoft.windows.common-controls_6595b64144ccf1df_6.0.18362.1139_none_9e7bf2d3e4605ac6;C:\Program Files\Java\jdk-13\bin\server;C:\Program Files\JetBrains\IntelliJ IDEA Community Edition 2019.3.4\bin;C:\Users\Renzo\AppData\Local\Temp

VM Arguments:
jvm_args: -javaagent:C:\Program Files\JetBrains\IntelliJ IDEA Community Edition 2019.3.4\lib\idea_rt.jar=56494:C:\Program Files\JetBrains\IntelliJ IDEA Community Edition 2019.3.4\bin -Dfile.encoding=UTF-8 
java_command: Main.Main
java_class_path (initial): C:\Users\Renzo\IdeaProjects\FamilyMapServer\out\production\FamilyMapServer;C:\Users\Renzo\.m2\repository\junit\junit\4.12\junit-4.12.jar;C:\Users\Renzo\.m2\repository\org\hamcrest\hamcrest-core\1.3\hamcrest-core-1.3.jar;C:\Users\Renzo\.m2\repository\org\junit\jupiter\junit-jupiter\5.4.2\junit-jupiter-5.4.2.jar;C:\Users\Renzo\.m2\repository\org\junit\jupiter\junit-jupiter-api\5.4.2\junit-jupiter-api-5.4.2.jar;C:\Users\Renzo\.m2\repository\org\apiguardian\apiguardian-api\1.0.0\apiguardian-api-1.0.0.jar;C:\Users\Renzo\.m2\repository\org\opentest4j\opentest4j\1.1.1\opentest4j-1.1.1.jar;C:\Users\Renzo\.m2\repository\org\junit\platform\junit-platform-commons\1.4.2\junit-platform-commons-1.4.2.jar;C:\Users\Renzo\.m2\repository\org\junit\jupiter\junit-jupiter-params\5.4.2\junit-jupiter-params-5.4.2.jar;C:\Users\Renzo\.m2\repository\org\junit\jupiter\junit-jupiter-engine\5.4.2\junit-jupiter-engine-5.4.2.jar;C:\Users\Renzo\.m2\repository\org\junit\platform\junit-platform-engine\1.4.2\junit-platform-engine-1.4.2.jar;C:\Users\Renzo\Documents\BYU\ComputerScienceClasses\240Class\sqlite-jdbc-3.30.1.jar;C:\Users\Renzo\IdeaProjects\FamilyMapServer\Libs\gson-2.8.2.jar;C:\Users\Renzo\IdeaProjects\FamilyMapServer\Libs\json-20200518.jar;C:\Users\Renzo\IdeaProjects\FamilyMapServer\Libs\json-simple-1.1.jar;C:\Users\Renzo\IdeaProjects\FamilyMapServer\out\production\FamilyMapShared
Launcher Type: SUN_STANDARD

[Global flags]
     intx CICompilerCount                          = 3                                         {product} {ergonomic}
     uint ConcGCThreads                            = 1                                         {product} {ergonomic}
     uint G1ConcRefinementThreads                  = 4                                         {product} {ergonomic}
   size_t G1HeapRegionSize                         = 1048576                                   {product} {ergonomic}
    uintx GCDrainStackTargetSize                   = 64                                        {product} {ergonomic}
   size_t InitialHeapSize                          = 132120576                                 {product} {ergonomic}
   size_t MarkStackSize                            = 4194304                                   {product} {ergonomic}
   size_t MaxHeapSize                              = 2109734912                                {product} {ergonomic}
   size_t MaxNewSize                               = 1265631232                                {product} {ergonomic}
   size_t MinHeapDeltaBytes                        = 1048576                                   {product} {ergonomic}
   size_t MinHeapSize                              = 8388608                                   {product} {ergonomic}
    uintx NonNMethodCodeHeapSize                   = 5830732                                {pd product} {ergonomic}
    uintx NonProfiledCodeHeapSize                  = 122913754                              {pd product} {ergonomic}
    uintx ProfiledCodeHeapSize                     = 122913754                              {pd product} {ergonomic}
    uintx ReservedCodeCacheSize                    = 251658240                              {pd product} {ergonomic}
     bool SegmentedCodeCache                       = true                                      {product} {ergonomic}
   size_t SoftMaxHeapSize                          = 2109734912                             {manageable} {ergonomic}
     bool UseCompressedClassPointers               = true                                 {lp64_product} {ergonomic}
     bool UseCompressedOops                        = true                                 {lp64_product} {ergonomic}
     bool UseG1GC                                  = true                                      {product} {ergonomic}
     bool UseLargePagesIndividualAllocation        = false                                  {pd product} {ergonomic}

Logging:
Log output configuration:
 #0: stdout all=warning uptime,level,tags
 #1: stderr all=off uptime,level,tags

Environment Variables:
PATH=C:\Users\Renzo\.IdeaIC2019.2\system\tmp\patch-update\jre\bin;C:\ProgramData\Oracle\Java\javapath;C:\WINDOWS\system32;C:\WINDOWS;C:\WINDOWS\System32\Wbem;C:\WINDOWS\System32\WindowsPowerShell\v1.0\;C:\Program Files\Intel\WiFi\bin\;C:\Program Files\Common Files\Intel\WirelessCommon\;C:\Program Files (x86)\PharosSystems\Core;C:\Program Files\dotnet\;C:\WINDOWS\System32\OpenSSH\;C:\Program Files\PuTTY\;C:\Program Files\Git\cmd;C:\ProgramData\chocolatey\bin;C:\Users\Renzo\.IdeaIC2019.2\system\tmp\patch-update\jre\bin;C:\Mingw-w64\mingw32\bin;C:\Users\Renzo\AppData\Local\Programs\Microsoft VS Code\bin;C:\Users\Renzo\AppData\Local\Microsoft\WindowsApps;C:\Users\Renzo\AppData\Local\Box\Box Edit\;
USERNAME=Renzo
OS=Windows_NT
PROCESSOR_IDENTIFIER=Intel64 Family 6 Model 78 Stepping 3, GenuineIntel



---------------  S Y S T E M  ---------------

OS: Windows 10 , 64 bit Build 18362 (10.0.18362.1110)

CPU:total 4 (initial active 4) (2 cores per cpu, 2 threads per core) family 6 model 78 stepping 3, cmov, cx8, fxsr, mmx, sse, sse2, sse3, ssse3, sse4.1, sse4.2, popcnt, avx, avx2, aes, clmul, erms, 3dnowpref, lzcnt, ht, tsc, tscinvbit, bmi1, bmi2, adx, fma

Memory: 4k page, system-wide physical 8045M (523M free)
TotalPageFile size 9946M (AvailPageFile size 4M)
current process WorkingSet (physical memory assigned to process): 99M, peak: 99M
current process commit charge ("private bytes"): 230M, peak: 230M

vm_info: Java HotSpot(TM) 64-Bit Server VM (13+33) for windows-amd64 JRE (13+33), built on Sep 18 2019 21:38:00 by "mach5one" with unknown MS VC++:1916

END.
